<?xml version="1.0" encoding="utf-8"?><testsuites name="pytest tests"><testsuite name="pytest" errors="0" failures="0" skipped="0" tests="11" time="5.987" timestamp="2026-09-23T21:17:49.217995+00:00" hostname="agent-env-b732515b-6a0b-4bd2-84e2-771273c49609"><testcase classname="tests.test_iter14_smtp.TestSmtpCrud" name="test_delete_then_get_empty" time="1.005" /><testcase classname="tests.test_iter14_smtp.TestSmtpCrud" name="test_put_without_password_fails" time="0.340" /><testcase classname="tests.test_iter14_smtp.TestSmtpCrud" name="test_put_success_and_password_hidden" time="0.280" /><testcase classname="tests.test_iter14_smtp.TestSmtpCrud" name="test_partial_update_preserves_password" time="0.268" /><testcase classname="tests.test_iter14_smtp.TestSmtpCrud" name="test_smtp_test_bad_host" time="0.351" /><testcase classname="tests.test_iter14_smtp.TestSmtpCrud" name="test_delete_clears" time="0.295" /><testcase classname="tests.test_iter14_smtp.TestOldEndpointsRemoved" name="test_mailbox_gone" time="0.139" /><testcase classname="tests.test_iter14_smtp.TestOldEndpointsRemoved" name="test_ms_config_gone" time="0.125" /><testcase classname="tests.test_iter14_smtp.TestOldEndpointsRemoved" name="test_oauth_ms_start_gone" time="0.138" /><testcase classname="tests.test_iter14_smtp.TestSystemEmailUnchanged" name="test_forgot_password_200" time="0.218" /><testcase classname="tests.test_iter14_smtp.TestCampaignSimulationMode" name="test_send_simulation" time="2.510" /></testsuite></testsuites>