<?xml version="1.0" encoding="utf-8"?><testsuites name="pytest tests"><testsuite name="pytest" errors="0" failures="2" skipped="0" tests="4" time="3.416" timestamp="2026-09-23T23:45:10.353187+00:00" hostname="agent-env-b732515b-6a0b-4bd2-84e2-771273c49609"><testcase classname="tests.test_iter17_features" name="test_timezone_put_get" time="0.974" /><testcase classname="tests.test_iter17_features" name="test_timezone_invalid" time="0.160"><failure message="assert 422 == 400&#10; +  where 422 = &lt;Response [422]&gt;.status_code">backend/tests/test_iter17_features.py:51: in test_timezone_invalid
    assert r.status_code == 400
E   assert 422 == 400
E    +  where 422 = &lt;Response [422]&gt;.status_code</failure></testcase><testcase classname="tests.test_iter17_features" name="test_import_analyze_then_import_with_overwrite" time="1.281" /><testcase classname="tests.test_iter17_features" name="test_campaign_test_send_endpoint" time="0.583"><failure message="AssertionError: Campaign has no content yet.&#10;assert ('SMTP' in 'Campaign has no content yet.' or 'Test send failed' in 'Campaign has no content yet.')">backend/tests/test_iter17_features.py:131: in test_campaign_test_send_endpoint
    assert ("SMTP" in detail) or ("Test send failed" in detail), detail
E   AssertionError: Campaign has no content yet.
E   assert ('SMTP' in 'Campaign has no content yet.' or 'Test send failed' in 'Campaign has no content yet.')</failure></testcase></testsuite></testsuites>