<?xml version="1.0" encoding="utf-8"?><testsuites name="pytest tests"><testsuite name="pytest" errors="0" failures="0" skipped="0" tests="14" time="12.574" timestamp="2026-09-23T18:57:52.621403+00:00" hostname="agent-env-b732515b-6a0b-4bd2-84e2-771273c49609"><testcase classname="tests.test_iter8_brand_header.TestClaraBrandHeader" name="test_on_dark_contains_mark_brand_white_text" time="0.001" /><testcase classname="tests.test_iter8_brand_header.TestPlanRequestHtml" name="test_logo_and_brand_present" time="0.032" /><testcase classname="tests.test_iter8_brand_header.TestPlanRequestHtml" name="test_safety_gate_passes" time="0.001" /><testcase classname="tests.test_iter8_brand_header.TestClaraBrandHeader" name="test_on_light_contains_mark_brand_dark_text" time="0.000" /><testcase classname="tests.test_iter8_brand_header.TestPlanRequestHtml" name="test_light_header_dark_text" time="0.000" /><testcase classname="tests.test_iter8_brand_header.TestClaraBrandHeader" name="test_white_badge_present_both_modes" time="0.000" /><testcase classname="tests.test_iter8_brand_header.TestNewsletterFooterRegression" name="test_personalize_html_still_has_clara_brand" time="0.000" /><testcase classname="tests.test_iter8_brand_header.TestResetEmailHtml" name="test_logo_and_brand_present" time="0.000" /><testcase classname="tests.test_iter8_brand_header.TestNewsletterFooterRegression" name="test_merge_tags_still_applied" time="0.000" /><testcase classname="tests.test_iter8_brand_header.TestResetEmailHtml" name="test_safety_gate_passes" time="0.001" /><testcase classname="tests.test_iter8_brand_header.TestClaraMarkAsset" name="test_http_200_image" time="0.398" /><testcase classname="tests.test_iter8_brand_header.TestForgotPassword" name="test_forgot_password_200_existing_user" time="4.536" /><testcase classname="tests.test_iter8_brand_header.TestPlanRequestEndpoint" name="test_pro_plan_request_returns_200_paid_not_instant" time="4.890" /><testcase classname="tests.test_iter8_brand_header.TestAdminSendReset" name="test_admin_send_reset_200" time="5.949" /></testsuite></testsuites>