<?xml version="1.0" encoding="utf-8"?><testsuites name="pytest tests"><testsuite name="pytest" errors="0" failures="0" skipped="0" tests="8" time="2.272" timestamp="2026-09-23T19:21:37.087231+00:00" hostname="agent-env-b732515b-6a0b-4bd2-84e2-771273c49609"><testcase classname="tests.test_iter9_cors_fix.TestCORSActualResponses" name="test_cors_on_get_endpoint" time="0.464" /><testcase classname="tests.test_iter9_cors_fix.TestAuthRegression" name="test_register_new_user" time="0.459" /><testcase classname="tests.test_iter9_cors_fix.TestAuthRegression" name="test_first_login_triggers_mfa_setup_and_verify" time="0.569" /><testcase classname="tests.test_iter9_cors_fix.TestCORSActualResponses" name="test_cors_on_post_login" time="0.153" /><testcase classname="tests.test_iter9_cors_fix.TestCORSActualResponses" name="test_cors_on_post_register" time="0.369" /><testcase classname="tests.test_iter9_cors_fix.TestCORSPreflight" name="test_preflight_login" time="0.137" /><testcase classname="tests.test_iter9_cors_fix.TestAuthRegression" name="test_admin_login_and_mfa" time="0.523" /><testcase classname="tests.test_iter9_cors_fix.TestAuthRegression" name="test_auth_me_with_new_user_token" time="0.139" /></testsuite></testsuites>