<?xml version="1.0" encoding="utf-8"?><testsuites name="pytest tests"><testsuite name="pytest" errors="0" failures="0" skipped="0" tests="8" time="3.413" timestamp="2026-09-23T19:42:10.778195+00:00" hostname="agent-env-b732515b-6a0b-4bd2-84e2-771273c49609"><testcase classname="tests.test_iter10_boot_resilience" name="test_backend_up_me_returns_401" time="0.214" /><testcase classname="tests.test_iter10_boot_resilience" name="test_import_server_without_token_encryption_key" time="0.639" /><testcase classname="tests.test_iter10_boot_resilience" name="test_startup_wraps_index_and_seed_in_try_except" time="0.000" /><testcase classname="tests.test_iter10_boot_resilience" name="test_msgraph_uses_lazy_fernet" time="0.000" /><testcase classname="tests.test_iter10_boot_resilience" name="test_register_returns_ok" time="0.441" /><testcase classname="tests.test_iter10_boot_resilience" name="test_first_login_mfa_setup_and_verify" time="0.713" /><testcase classname="tests.test_iter10_boot_resilience" name="test_admin_login_mfa" time="0.520" /><testcase classname="tests.test_iter10_boot_resilience" name="test_cors_reflects_origin_with_credentials" time="0.316" /></testsuite></testsuites>