<?xml version="1.0" encoding="utf-8"?><testsuites name="pytest tests"><testsuite name="pytest" errors="0" failures="0" skipped="0" tests="4" time="3.480" timestamp="2026-09-23T20:06:01.383179+00:00" hostname="agent-env-b732515b-6a0b-4bd2-84e2-771273c49609"><testcase classname="tests.test_iter11_yannick_seed" name="test_login_yannick_returns_mfa_required" time="1.072" /><testcase classname="tests.test_iter11_yannick_seed" name="test_old_password_rejected" time="0.418" /><testcase classname="tests.test_iter11_yannick_seed" name="test_startup_only_seeds_yannick" time="0.002" /><testcase classname="tests.test_iter11_yannick_seed" name="test_seed_resilience_without_env_vars" time="1.116" /></testsuite></testsuites>