<?xml version="1.0" encoding="utf-8"?><testsuites name="pytest tests"><testsuite name="pytest" errors="0" failures="0" skipped="0" tests="4" time="2.181" timestamp="2026-09-24T01:14:02.536865+00:00" hostname="agent-env-b732515b-6a0b-4bd2-84e2-771273c49609"><testcase classname="tests.test_iter20_unsubscribe" name="test_footer_has_unsubscribe_no_manage_prefs" time="0.221" /><testcase classname="tests.test_iter20_unsubscribe" name="test_click_tracking_absolute_https" time="0.000" /><testcase classname="tests.test_iter20_unsubscribe" name="test_unsubscribe_get_then_post" time="1.380" /><testcase classname="tests.test_iter20_unsubscribe" name="test_unsubscribe_invalid_token" time="0.135" /></testsuite></testsuites>