<?xml version="1.0" encoding="utf-8"?><testsuites name="pytest tests"><testsuite name="pytest" errors="0" failures="0" skipped="0" tests="12" time="10.261" timestamp="2026-09-23T20:31:53.970170+00:00" hostname="agent-env-b732515b-6a0b-4bd2-84e2-771273c49609"><testcase classname="tests.test_ms_config_admin.TestMsConfigAuth" name="test_get_requires_admin" time="1.797" /><testcase classname="tests.test_ms_config_admin.TestMsConfigAuth" name="test_put_requires_admin" time="0.136" /><testcase classname="tests.test_ms_config_admin.TestMsConfigAuth" name="test_delete_requires_admin" time="0.163" /><testcase classname="tests.test_ms_config_admin.TestMsConfigCrud" name="test_get_initial_no_secret_field" time="0.207" /><testcase classname="tests.test_ms_config_admin.TestMsConfigCrud" name="test_put_validation_blank_client_id" time="0.200" /><testcase classname="tests.test_ms_config_admin.TestMsConfigCrud" name="test_put_validation_blank_tenant" time="0.178" /><testcase classname="tests.test_ms_config_admin.TestMsConfigCrud" name="test_put_save_and_get" time="0.352" /><testcase classname="tests.test_ms_config_admin.TestMsConfigCrud" name="test_secret_encrypted_at_rest" time="0.029" /><testcase classname="tests.test_ms_config_admin.TestMsConfigCrud" name="test_put_without_secret_preserves" time="0.403" /><testcase classname="tests.test_ms_config_admin.TestMsConfigCrud" name="test_put_blank_secret_preserves" time="0.308" /><testcase classname="tests.test_ms_config_admin.TestMsConfigCrud" name="test_delete_clears" time="0.416" /><testcase classname="tests.test_ms_config_admin.TestSmtpRegression" name="test_forgot_password_still_ok" time="5.923" /></testsuite></testsuites>