<?xml version="1.0" encoding="utf-8"?><testsuites name="pytest tests"><testsuite name="pytest" errors="0" failures="0" skipped="0" tests="11" time="5.975" timestamp="2026-09-23T18:04:45.081784+00:00" hostname="agent-env-b732515b-6a0b-4bd2-84e2-771273c49609"><testcase classname="tests.test_iter5_features.TestAdminUsersList" name="test_list" time="1.048" /><testcase classname="tests.test_iter5_features.TestAdminEditUser" name="test_edit_name" time="0.925" /><testcase classname="tests.test_iter5_features.TestAdminEditUser" name="test_edit_role_toggle" time="0.781" /><testcase classname="tests.test_iter5_features.TestAdminEditUser" name="test_self_demote_forbidden" time="0.203" /><testcase classname="tests.test_iter5_features.TestAdminEditUser" name="test_self_delete_forbidden" time="0.161" /><testcase classname="tests.test_iter5_features.TestAdminSendReset" name="test_send_reset" time="0.421" /><testcase classname="tests.test_iter5_features.TestAdminDeleteUser" name="test_create_and_delete" time="0.734" /><testcase classname="tests.test_iter5_features.TestAdminRenameCompany" name="test_rename" time="0.616" /><testcase classname="tests.test_iter5_features.TestPlanRequest" name="test_paid_pro_not_instant" time="0.355" /><testcase classname="tests.test_iter5_features.TestPlanRequest" name="test_paid_enterprise_not_instant" time="0.404" /><testcase classname="tests.test_iter5_features.TestPlanRequest" name="test_free_instant" time="0.171" /></testsuite></testsuites>