<?xml version="1.0" encoding="utf-8"?><testsuites name="pytest tests"><testsuite name="pytest" errors="0" failures="2" skipped="0" tests="16" time="9.727" timestamp="2026-09-23T14:32:40.637162+00:00" hostname="agent-env-b732515b-6a0b-4bd2-84e2-771273c49609"><testcase classname="tests.backend_test.TestContacts" name="test_create_list_delete" time="4.343" /><testcase classname="tests.backend_test.TestAuth" name="test_register_login_mfa_setup" time="1.599" /><testcase classname="tests.backend_test.TestAuth" name="test_second_login_requires_mfa_only" time="0.507" /><testcase classname="tests.backend_test.TestAuth" name="test_wrong_password_401" time="0.206" /><testcase classname="tests.backend_test.TestAuth" name="test_brute_force_lockout" time="3.158" /><testcase classname="tests.backend_test.TestContacts" name="test_duplicate_contact_rejected" time="0.709" /><testcase classname="tests.backend_test.TestAuth" name="test_me_without_token" time="0.364" /><testcase classname="tests.backend_test.TestCampaigns" name="test_crud" time="0.893" /><testcase classname="tests.backend_test.TestContacts" name="test_per_user_isolation" time="1.287" /><testcase classname="tests.backend_test.TestContacts" name="test_csv_import" time="0.297" /><testcase classname="tests.backend_test.TestDashboardAndMailbox" name="test_dashboard" time="0.145" /><testcase classname="tests.backend_test.TestCampaigns" name="test_send_simulation_and_tracking" time="0.496"><failure message="AssertionError: {&quot;detail&quot;:&quot;No active license. Please contact your administrator.&quot;}&#10;assert 403 == 200&#10; +  where 403 = &lt;Response [403]&gt;.status_code">backend/tests/backend_test.py:203: in test_send_simulation_and_tracking
    assert r.status_code == 200, r.text
E   AssertionError: {"detail":"No active license. Please contact your administrator."}
E   assert 403 == 200
E    +  where 403 = &lt;Response [403]&gt;.status_code</failure></testcase><testcase classname="tests.backend_test.TestDashboardAndMailbox" name="test_mailbox_not_configured" time="0.144" /><testcase classname="tests.backend_test.TestDashboardAndMailbox" name="test_oauth_start_not_configured" time="0.141" /><testcase classname="tests.backend_test.TestCampaigns" name="test_send_no_recipients_400" time="0.263"><failure message="assert 403 == 400&#10; +  where 403 = &lt;Response [403]&gt;.status_code">backend/tests/backend_test.py:250: in test_send_no_recipients_400
    assert r.status_code == 400
E   assert 403 == 400
E    +  where 403 = &lt;Response [403]&gt;.status_code</failure></testcase><testcase classname="tests.backend_test.TestCampaigns" name="test_campaign_isolation" time="1.240" /></testsuite></testsuites>