<?xml version="1.0" encoding="utf-8"?><testsuites name="pytest tests"><testsuite name="pytest" errors="0" failures="0" skipped="0" tests="10" time="4.628" timestamp="2026-09-23T18:28:50.352079+00:00" hostname="agent-env-b732515b-6a0b-4bd2-84e2-771273c49609"><testcase classname="tests.test_iter6_personalization.TestApplyMergeTags" name="test_replaces_first_last_email_name" time="0.000" /><testcase classname="tests.test_iter6_personalization.TestApplyMergeTags" name="test_missing_values_become_empty" time="0.000" /><testcase classname="tests.test_iter6_personalization.TestApplyMergeTags" name="test_whitespace_in_tag" time="0.000" /><testcase classname="tests.test_iter6_personalization.TestApplyMergeTags" name="test_case_insensitive_key" time="0.000" /><testcase classname="tests.test_iter6_personalization.TestApplyMergeTags" name="test_unknown_tag_untouched" time="0.000" /><testcase classname="tests.test_iter6_personalization.TestApplyMergeTags" name="test_no_tags_passthrough" time="0.000" /><testcase classname="tests.test_iter6_personalization.TestSendWithPersonalization" name="test_send_returns_simulation_mode" time="1.631" /><testcase classname="tests.test_iter6_personalization.TestSendWithPersonalization" name="test_deliveries_completed" time="0.166" /><testcase classname="tests.test_iter6_personalization.TestRegression" name="test_campaign_update_persists" time="0.178" /><testcase classname="tests.test_iter6_personalization.TestRegression" name="test_plain_send_still_works" time="0.872" /></testsuite></testsuites>