<?xml version="1.0" encoding="utf-8"?><testsuites name="pytest tests"><testsuite name="pytest" errors="0" failures="0" skipped="0" tests="13" time="10.744" timestamp="2026-09-23T14:32:26.020996+00:00" hostname="agent-env-b732515b-6a0b-4bd2-84e2-771273c49609"><testcase classname="tests.test_new_features.TestAdminUsers" name="test_admin_can_list_users" time="1.389" /><testcase classname="tests.test_new_features.TestCompanies" name="test_default_company_on_register" time="1.511" /><testcase classname="tests.test_new_features.TestCompanies" name="test_admin_sees_all_companies" time="0.912" /><testcase classname="tests.test_new_features.TestCompanies" name="test_create_and_delete_company" time="0.642" /><testcase classname="tests.test_new_features.TestCompanies" name="test_cannot_delete_other_users_company" time="1.342" /><testcase classname="tests.test_new_features.TestCompanyScoping" name="test_scoping_by_header" time="1.586" /><testcase classname="tests.test_new_features.TestAdminUsers" name="test_non_admin_forbidden" time="4.384" /><testcase classname="tests.test_new_features.TestAdminUsers" name="test_unauth_forbidden" time="0.292" /><testcase classname="tests.test_new_features.TestCompanyScoping" name="test_normal_user_fallback_on_foreign_company_id" time="0.587" /><testcase classname="tests.test_new_features.TestLicensing" name="test_assign_and_revoke_license" time="0.437" /><testcase classname="tests.test_new_features.TestAdminLogin" name="test_yannick_is_admin" time="0.142" /><testcase classname="tests.test_new_features.TestLicensing" name="test_non_admin_cannot_assign" time="1.330" /><testcase classname="tests.test_new_features.TestLicensing" name="test_send_requires_active_license" time="1.979" /></testsuite></testsuites>