<?xml version="1.0" encoding="utf-8"?><testsuites name="pytest tests"><testsuite name="pytest" errors="0" failures="0" skipped="0" tests="15" time="8.770" timestamp="2026-09-23T17:16:36.309819+00:00" hostname="agent-env-b732515b-6a0b-4bd2-84e2-771273c49609"><testcase classname="tests.test_batch_c.TestPublicForm" name="test_public_form_get" time="0.261" /><testcase classname="tests.test_batch_c.TestPublicForm" name="test_invalid_api_key_404" time="0.254" /><testcase classname="tests.test_batch_c.TestCategories" name="test_create_category" time="1.046" /><testcase classname="tests.test_batch_c.TestCategories" name="test_list_includes_new" time="0.163" /><testcase classname="tests.test_batch_c.TestCategories" name="test_delete_category" time="0.274" /><testcase classname="tests.test_batch_c.TestPlans" name="test_request_free_no_popup" time="0.397" /><testcase classname="tests.test_batch_c.TestPlans" name="test_request_pro_paid_true" time="0.335" /><testcase classname="tests.test_batch_c.TestPublicForm" name="test_public_subscribe_creates_contact" time="2.490" /><testcase classname="tests.test_batch_c.TestPlans" name="test_request_enterprise_paid_true" time="0.365" /><testcase classname="tests.test_batch_c.TestSubscribeSettings" name="test_get_settings" time="0.151" /><testcase classname="tests.test_batch_c.TestSubscribeSettings" name="test_update_and_persist" time="0.425" /><testcase classname="tests.test_batch_c.TestPublicForm" name="test_public_subscribe_invalid_key_404" time="0.144" /><testcase classname="tests.test_batch_c.TestPublicForm" name="test_connection_flag_after_public_call" time="1.186" /><testcase classname="tests.test_batch_c.TestCategorySendFilter" name="test_send_targets_only_category_and_excludes_unsubscribed" time="3.367" /><testcase classname="tests.test_batch_c.TestRegenKey" name="test_regen_key_changes_and_resets_connected" time="0.562" /></testsuite></testsuites>