<?xml version="1.0" encoding="utf-8"?><testsuites name="pytest tests"><testsuite name="pytest" errors="0" failures="1" skipped="0" tests="16" time="12.765" timestamp="2026-09-23T13:09:48.601662+00:00" hostname="agent-env-b732515b-6a0b-4bd2-84e2-771273c49609"><testcase classname="tests.backend_test.TestContacts" name="test_create_list_delete" time="2.087" /><testcase classname="tests.backend_test.TestAuth" name="test_register_login_mfa_setup" time="1.572" /><testcase classname="tests.backend_test.TestAuth" name="test_second_login_requires_mfa_only" time="0.592" /><testcase classname="tests.backend_test.TestContacts" name="test_duplicate_contact_rejected" time="0.390" /><testcase classname="tests.backend_test.TestAuth" name="test_wrong_password_401" time="0.162" /><testcase classname="tests.backend_test.TestAuth" name="test_brute_force_lockout" time="3.654"><failure message="AssertionError: {&quot;detail&quot;:&quot;Invalid email or password&quot;}&#10;assert 401 == 429&#10; +  where 401 = &lt;Response [401]&gt;.status_code">backend/tests/backend_test.py:91: in test_brute_force_lockout
    assert r.status_code == 429, r.text
E   AssertionError: {"detail":"Invalid email or password"}
E   assert 401 == 429
E    +  where 401 = &lt;Response [401]&gt;.status_code</failure></testcase><testcase classname="tests.backend_test.TestContacts" name="test_per_user_isolation" time="2.197" /><testcase classname="tests.backend_test.TestContacts" name="test_csv_import" time="0.561" /><testcase classname="tests.backend_test.TestDashboardAndMailbox" name="test_dashboard" time="0.264" /><testcase classname="tests.backend_test.TestDashboardAndMailbox" name="test_mailbox_not_configured" time="0.205" /><testcase classname="tests.backend_test.TestDashboardAndMailbox" name="test_oauth_start_not_configured" time="0.260" /><testcase classname="tests.backend_test.TestAuth" name="test_me_without_token" time="0.165" /><testcase classname="tests.backend_test.TestCampaigns" name="test_crud" time="0.911" /><testcase classname="tests.backend_test.TestCampaigns" name="test_send_simulation_and_tracking" time="3.073" /><testcase classname="tests.backend_test.TestCampaigns" name="test_send_no_recipients_400" time="0.375" /><testcase classname="tests.backend_test.TestCampaigns" name="test_campaign_isolation" time="1.284" /></testsuite></testsuites>