<?xml version="1.0" encoding="utf-8"?><testsuites name="pytest tests"><testsuite name="pytest" errors="0" failures="1" skipped="0" tests="10" time="12.535" timestamp="2026-09-23T16:06:33.426754+00:00" hostname="agent-env-b732515b-6a0b-4bd2-84e2-771273c49609"><testcase classname="tests.test_iter3_features.TestPassword" name="test_wrong_current_password_400" time="1.838" /><testcase classname="tests.test_iter3_features.TestMfa" name="test_backup_codes_generate" time="5.032" /><testcase classname="tests.test_iter3_features.TestPassword" name="test_change_and_restore" time="5.185" /><testcase classname="tests.test_iter3_features.TestMfa" name="test_mfa_reset_start_only" time="0.198" /><testcase classname="tests.test_iter3_features.TestAvatar" name="test_upload_and_fetch" time="0.917" /><testcase classname="tests.test_iter3_features.TestBranding" name="test_get_update_persist" time="0.829" /><testcase classname="tests.test_iter3_features.TestAdminLink" name="test_assign_and_revoke" time="3.394" /><testcase classname="tests.test_iter3_features.TestBranding" name="test_logo_upload_and_fetch" time="0.778" /><testcase classname="tests.test_iter3_features.TestContactStatus" name="test_create_contact_defaults_subscribed" time="0.182" /><testcase classname="tests.test_iter3_features.TestUnsubscribeFlow" name="test_full_flow" time="1.561"><failure message="assert 'already' in '&lt;!doctype html&gt;&lt;html&gt;&lt;head&gt;&lt;meta charset=&quot;utf-8&quot;/&gt;\n&lt;meta name=&quot;viewport&quot; content=&quot;width=device-width,initial-scale=1&quot;/&gt;&lt;title&gt;unsubscribed&lt;/title&gt;&lt;/head&gt;\n&lt;body style=&quot;margin:0;font-family:\'segoe ui\',arial,sans-serif;background:#f5f6f8;&quot;&gt;\n&lt;div style=&quot;max-width:460px;margin:12vh auto;background:#fff;border-radius:20px;padding:40px 32px;text-align:center;box-shadow:0 10px 40px rgba(15,23,42,0.08);&quot;&gt;\n&lt;div style=&quot;width:56px;height:56px;border-radius:16px;background:#fee2e2;display:flex;align-items:center;justify-content:center;margin:0 auto 18px;font-size:26px;&quot;&gt;✉️&lt;/div&gt;\n&lt;h1 style=&quot;font-size:20px;color:#0f172a;margin:0 0 8px;&quot;&gt;you\'re unsubscribed&lt;/h1&gt;\n&lt;p style=&quot;font-size:14px;color:#64748b;line-height:1.6;margin:0;&quot;&gt;you\'ve been unsubscribed from this sender.&lt;br/&gt;you will no longer receive these newsletters.&lt;/p&gt;\n&lt;/div&gt;&lt;script&gt;(function(){function c(){var b=a.contentdocument||(a.contentwindow&amp;&amp;a.contentwindow.document);if(b){var d=b.createelement(\'script\');d.innerhtml=&quot;window.__cf$cv$params={r:\'a3facc63e9238637\',t:\'mtc5mde3otywnq==\'};var a=document.createelement(\'script\');a.src=\'/cdn-cgi/challenge-platform/scripts/jsd/main.js\';document.getelementsbytagname(\'head\')[0].appendchild(a);&quot;;b.getelementsbytagname(\'head\')[0].appendchild(d)}}if(document.body){var a=document.createelement(\'iframe\');a.height=1;a.width=1;a.style.position=\'absolute\';a.style.top=0;a.style.left=0;a.style.border=\'none\';a.style.visibility=\'hidden\';document.body.appendchild(a);if(\'loading\'!==document.readystate)c();else if(window.addeventlistener)document.addeventlistener(\'domcontentloaded\',c);else{var e=document.onreadystatechange||function(){};document.onreadystatechange=function(b){e(b);\'loading\'!==document.readystate&amp;&amp;(document.onreadystatechange=e,c())}}}})();&lt;/script&gt;&lt;/body&gt;&lt;/html&gt;'&#10; +  where '&lt;!doctype html&gt;&lt;html&gt;&lt;head&gt;&lt;meta charset=&quot;utf-8&quot;/&gt;\n&lt;meta name=&quot;viewport&quot; content=&quot;width=device-width,initial-scale=1&quot;/&gt;&lt;title&gt;unsubscribed&lt;/title&gt;&lt;/head&gt;\n&lt;body style=&quot;margin:0;font-family:\'segoe ui\',arial,sans-serif;background:#f5f6f8;&quot;&gt;\n&lt;div style=&quot;max-width:460px;margin:12vh auto;background:#fff;border-radius:20px;padding:40px 32px;text-align:center;box-shadow:0 10px 40px rgba(15,23,42,0.08);&quot;&gt;\n&lt;div style=&quot;width:56px;height:56px;border-radius:16px;background:#fee2e2;display:flex;align-items:center;justify-content:center;margin:0 auto 18px;font-size:26px;&quot;&gt;✉️&lt;/div&gt;\n&lt;h1 style=&quot;font-size:20px;color:#0f172a;margin:0 0 8px;&quot;&gt;you\'re unsubscribed&lt;/h1&gt;\n&lt;p style=&quot;font-size:14px;color:#64748b;line-height:1.6;margin:0;&quot;&gt;you\'ve been unsubscribed from this sender.&lt;br/&gt;you will no longer receive these newsletters.&lt;/p&gt;\n&lt;/div&gt;&lt;script&gt;(function(){function c(){var b=a.contentdocument||(a.contentwindow&amp;&amp;a.contentwindow.document);if(b){var d=b.createelement(\'script\');d.innerhtml=&quot;window.__cf$cv$params={r:\'a3facc63e9238637\',t:\'mtc5mde3otywnq==\'};var a=document.createelement(\'script\');a.src=\'/cdn-cgi/challenge-platform/scripts/jsd/main.js\';document.getelementsbytagname(\'head\')[0].appendchild(a);&quot;;b.getelementsbytagname(\'head\')[0].appendchild(d)}}if(document.body){var a=document.createelement(\'iframe\');a.height=1;a.width=1;a.style.position=\'absolute\';a.style.top=0;a.style.left=0;a.style.border=\'none\';a.style.visibility=\'hidden\';document.body.appendchild(a);if(\'loading\'!==document.readystate)c();else if(window.addeventlistener)document.addeventlistener(\'domcontentloaded\',c);else{var e=document.onreadystatechange||function(){};document.onreadystatechange=function(b){e(b);\'loading\'!==document.readystate&amp;&amp;(document.onreadystatechange=e,c())}}}})();&lt;/script&gt;&lt;/body&gt;&lt;/html&gt;' = &lt;built-in method lower of str object at 0xb0d107e3b5e0&gt;()&#10; +    where &lt;built-in method lower of str object at 0xb0d107e3b5e0&gt; = '&lt;!DOCTYPE html&gt;&lt;html&gt;&lt;head&gt;&lt;meta charset=&quot;utf-8&quot;/&gt;\n&lt;meta name=&quot;viewport&quot; content=&quot;width=device-width,initial-scale=1&quot;/&gt;&lt;title&gt;Unsubscribed&lt;/title&gt;&lt;/head&gt;\n&lt;body style=&quot;margin:0;font-family:\'Segoe UI\',Arial,sans-serif;background:#F5F6F8;&quot;&gt;\n&lt;div style=&quot;max-width:460px;margin:12vh auto;background:#fff;border-radius:20px;padding:40px 32px;text-align:center;box-shadow:0 10px 40px rgba(15,23,42,0.08);&quot;&gt;\n&lt;div style=&quot;width:56px;height:56px;border-radius:16px;background:#FEE2E2;display:flex;align-items:center;justify-content:center;margin:0 auto 18px;font-size:26px;&quot;&gt;✉️&lt;/div&gt;\n&lt;h1 style=&quot;font-size:20px;color:#0F172A;margin:0 0 8px;&quot;&gt;You\'re unsubscribed&lt;/h1&gt;\n&lt;p style=&quot;font-size:14px;color:#64748B;line-height:1.6;margin:0;&quot;&gt;You\'ve been unsubscribed from this sender.&lt;br/&gt;You will no longer receive these newsletters.&lt;/p&gt;\n&lt;/div&gt;&lt;script&gt;(function(){function c(){var b=a.contentDocument||(a.contentWindow&amp;&amp;a.contentWindow.document);if(b){var d=b.createElement(\'script\');d.innerHTML=&quot;window.__CF$cv$params={r:\'a3facc63e9238637\',t:\'MTc5MDE3OTYwNQ==\'};var a=document.createElement(\'script\');a.src=\'/cdn-cgi/challenge-platform/scripts/jsd/main.js\';document.getElementsByTagName(\'head\')[0].appendChild(a);&quot;;b.getElementsByTagName(\'head\')[0].appendChild(d)}}if(document.body){var a=document.createElement(\'iframe\');a.height=1;a.width=1;a.style.position=\'absolute\';a.style.top=0;a.style.left=0;a.style.border=\'none\';a.style.visibility=\'hidden\';document.body.appendChild(a);if(\'loading\'!==document.readyState)c();else if(window.addEventListener)document.addEventListener(\'DOMContentLoaded\',c);else{var e=document.onreadystatechange||function(){};document.onreadystatechange=function(b){e(b);\'loading\'!==document.readyState&amp;&amp;(document.onreadystatechange=e,c())}}}})();&lt;/script&gt;&lt;/body&gt;&lt;/html&gt;'.lower&#10; +      where '&lt;!DOCTYPE html&gt;&lt;html&gt;&lt;head&gt;&lt;meta charset=&quot;utf-8&quot;/&gt;\n&lt;meta name=&quot;viewport&quot; content=&quot;width=device-width,initial-scale=1&quot;/&gt;&lt;title&gt;Unsubscribed&lt;/title&gt;&lt;/head&gt;\n&lt;body style=&quot;margin:0;font-family:\'Segoe UI\',Arial,sans-serif;background:#F5F6F8;&quot;&gt;\n&lt;div style=&quot;max-width:460px;margin:12vh auto;background:#fff;border-radius:20px;padding:40px 32px;text-align:center;box-shadow:0 10px 40px rgba(15,23,42,0.08);&quot;&gt;\n&lt;div style=&quot;width:56px;height:56px;border-radius:16px;background:#FEE2E2;display:flex;align-items:center;justify-content:center;margin:0 auto 18px;font-size:26px;&quot;&gt;✉️&lt;/div&gt;\n&lt;h1 style=&quot;font-size:20px;color:#0F172A;margin:0 0 8px;&quot;&gt;You\'re unsubscribed&lt;/h1&gt;\n&lt;p style=&quot;font-size:14px;color:#64748B;line-height:1.6;margin:0;&quot;&gt;You\'ve been unsubscribed from this sender.&lt;br/&gt;You will no longer receive these newsletters.&lt;/p&gt;\n&lt;/div&gt;&lt;script&gt;(function(){function c(){var b=a.contentDocument||(a.contentWindow&amp;&amp;a.contentWindow.document);if(b){var d=b.createElement(\'script\');d.innerHTML=&quot;window.__CF$cv$params={r:\'a3facc63e9238637\',t:\'MTc5MDE3OTYwNQ==\'};var a=document.createElement(\'script\');a.src=\'/cdn-cgi/challenge-platform/scripts/jsd/main.js\';document.getElementsByTagName(\'head\')[0].appendChild(a);&quot;;b.getElementsByTagName(\'head\')[0].appendChild(d)}}if(document.body){var a=document.createElement(\'iframe\');a.height=1;a.width=1;a.style.position=\'absolute\';a.style.top=0;a.style.left=0;a.style.border=\'none\';a.style.visibility=\'hidden\';document.body.appendChild(a);if(\'loading\'!==document.readyState)c();else if(window.addEventListener)document.addEventListener(\'DOMContentLoaded\',c);else{var e=document.onreadystatechange||function(){};document.onreadystatechange=function(b){e(b);\'loading\'!==document.readyState&amp;&amp;(document.onreadystatechange=e,c())}}}})();&lt;/script&gt;&lt;/body&gt;&lt;/html&gt;' = &lt;Response [200]&gt;.text">backend/tests/test_iter3_features.py:259: in test_full_flow
    assert "already" in r.text.lower()
E   assert 'already' in '&lt;!doctype html&gt;&lt;html&gt;&lt;head&gt;&lt;meta charset="utf-8"/&gt;\n&lt;meta name="viewport" content="width=device-width,initial-scale=1"/&gt;&lt;title&gt;unsubscribed&lt;/title&gt;&lt;/head&gt;\n&lt;body style="margin:0;font-family:\'segoe ui\',arial,sans-serif;background:#f5f6f8;"&gt;\n&lt;div style="max-width:460px;margin:12vh auto;background:#fff;border-radius:20px;padding:40px 32px;text-align:center;box-shadow:0 10px 40px rgba(15,23,42,0.08);"&gt;\n&lt;div style="width:56px;height:56px;border-radius:16px;background:#fee2e2;display:flex;align-items:center;justify-content:center;margin:0 auto 18px;font-size:26px;"&gt;✉️&lt;/div&gt;\n&lt;h1 style="font-size:20px;color:#0f172a;margin:0 0 8px;"&gt;you\'re unsubscribed&lt;/h1&gt;\n&lt;p style="font-size:14px;color:#64748b;line-height:1.6;margin:0;"&gt;you\'ve been unsubscribed from this sender.&lt;br/&gt;you will no longer receive these newsletters.&lt;/p&gt;\n&lt;/div&gt;&lt;script&gt;(function(){function c(){var b=a.contentdocument||(a.contentwindow&amp;&amp;a.contentwindow.document);if(b){var d=b.createelement(\'script\');d.innerhtml="window.__cf$cv$params={r:\'a3facc63e9238637\',t:\'mtc5mde3otywnq==\'};var a=document.createelement(\'script\');a.src=\'/cdn-cgi/challenge-platform/scripts/jsd/main.js\';document.getelementsbytagname(\'head\')[0].appendchild(a);";b.getelementsbytagname(\'head\')[0].appendchild(d)}}if(document.body){var a=document.createelement(\'iframe\');a.height=1;a.width=1;a.style.position=\'absolute\';a.style.top=0;a.style.left=0;a.style.border=\'none\';a.style.visibility=\'hidden\';document.body.appendchild(a);if(\'loading\'!==document.readystate)c();else if(window.addeventlistener)document.addeventlistener(\'domcontentloaded\',c);else{var e=document.onreadystatechange||function(){};document.onreadystatechange=function(b){e(b);\'loading\'!==document.readystate&amp;&amp;(document.onreadystatechange=e,c())}}}})();&lt;/script&gt;&lt;/body&gt;&lt;/html&gt;'
E    +  where '&lt;!doctype html&gt;&lt;html&gt;&lt;head&gt;&lt;meta charset="utf-8"/&gt;\n&lt;meta name="viewport" content="width=device-width,initial-scale=1"/&gt;&lt;title&gt;unsubscribed&lt;/title&gt;&lt;/head&gt;\n&lt;body style="margin:0;font-family:\'segoe ui\',arial,sans-serif;background:#f5f6f8;"&gt;\n&lt;div style="max-width:460px;margin:12vh auto;background:#fff;border-radius:20px;padding:40px 32px;text-align:center;box-shadow:0 10px 40px rgba(15,23,42,0.08);"&gt;\n&lt;div style="width:56px;height:56px;border-radius:16px;background:#fee2e2;display:flex;align-items:center;justify-content:center;margin:0 auto 18px;font-size:26px;"&gt;✉️&lt;/div&gt;\n&lt;h1 style="font-size:20px;color:#0f172a;margin:0 0 8px;"&gt;you\'re unsubscribed&lt;/h1&gt;\n&lt;p style="font-size:14px;color:#64748b;line-height:1.6;margin:0;"&gt;you\'ve been unsubscribed from this sender.&lt;br/&gt;you will no longer receive these newsletters.&lt;/p&gt;\n&lt;/div&gt;&lt;script&gt;(function(){function c(){var b=a.contentdocument||(a.contentwindow&amp;&amp;a.contentwindow.document);if(b){var d=b.createelement(\'script\');d.innerhtml="window.__cf$cv$params={r:\'a3facc63e9238637\',t:\'mtc5mde3otywnq==\'};var a=document.createelement(\'script\');a.src=\'/cdn-cgi/challenge-platform/scripts/jsd/main.js\';document.getelementsbytagname(\'head\')[0].appendchild(a);";b.getelementsbytagname(\'head\')[0].appendchild(d)}}if(document.body){var a=document.createelement(\'iframe\');a.height=1;a.width=1;a.style.position=\'absolute\';a.style.top=0;a.style.left=0;a.style.border=\'none\';a.style.visibility=\'hidden\';document.body.appendchild(a);if(\'loading\'!==document.readystate)c();else if(window.addeventlistener)document.addeventlistener(\'domcontentloaded\',c);else{var e=document.onreadystatechange||function(){};document.onreadystatechange=function(b){e(b);\'loading\'!==document.readystate&amp;&amp;(document.onreadystatechange=e,c())}}}})();&lt;/script&gt;&lt;/body&gt;&lt;/html&gt;' = &lt;built-in method lower of str object at 0xb0d107e3b5e0&gt;()
E    +    where &lt;built-in method lower of str object at 0xb0d107e3b5e0&gt; = '&lt;!DOCTYPE html&gt;&lt;html&gt;&lt;head&gt;&lt;meta charset="utf-8"/&gt;\n&lt;meta name="viewport" content="width=device-width,initial-scale=1"/&gt;&lt;title&gt;Unsubscribed&lt;/title&gt;&lt;/head&gt;\n&lt;body style="margin:0;font-family:\'Segoe UI\',Arial,sans-serif;background:#F5F6F8;"&gt;\n&lt;div style="max-width:460px;margin:12vh auto;background:#fff;border-radius:20px;padding:40px 32px;text-align:center;box-shadow:0 10px 40px rgba(15,23,42,0.08);"&gt;\n&lt;div style="width:56px;height:56px;border-radius:16px;background:#FEE2E2;display:flex;align-items:center;justify-content:center;margin:0 auto 18px;font-size:26px;"&gt;✉️&lt;/div&gt;\n&lt;h1 style="font-size:20px;color:#0F172A;margin:0 0 8px;"&gt;You\'re unsubscribed&lt;/h1&gt;\n&lt;p style="font-size:14px;color:#64748B;line-height:1.6;margin:0;"&gt;You\'ve been unsubscribed from this sender.&lt;br/&gt;You will no longer receive these newsletters.&lt;/p&gt;\n&lt;/div&gt;&lt;script&gt;(function(){function c(){var b=a.contentDocument||(a.contentWindow&amp;&amp;a.contentWindow.document);if(b){var d=b.createElement(\'script\');d.innerHTML="window.__CF$cv$params={r:\'a3facc63e9238637\',t:\'MTc5MDE3OTYwNQ==\'};var a=document.createElement(\'script\');a.src=\'/cdn-cgi/challenge-platform/scripts/jsd/main.js\';document.getElementsByTagName(\'head\')[0].appendChild(a);";b.getElementsByTagName(\'head\')[0].appendChild(d)}}if(document.body){var a=document.createElement(\'iframe\');a.height=1;a.width=1;a.style.position=\'absolute\';a.style.top=0;a.style.left=0;a.style.border=\'none\';a.style.visibility=\'hidden\';document.body.appendChild(a);if(\'loading\'!==document.readyState)c();else if(window.addEventListener)document.addEventListener(\'DOMContentLoaded\',c);else{var e=document.onreadystatechange||function(){};document.onreadystatechange=function(b){e(b);\'loading\'!==document.readyState&amp;&amp;(document.onreadystatechange=e,c())}}}})();&lt;/script&gt;&lt;/body&gt;&lt;/html&gt;'.lower
E    +      where '&lt;!DOCTYPE html&gt;&lt;html&gt;&lt;head&gt;&lt;meta charset="utf-8"/&gt;\n&lt;meta name="viewport" content="width=device-width,initial-scale=1"/&gt;&lt;title&gt;Unsubscribed&lt;/title&gt;&lt;/head&gt;\n&lt;body style="margin:0;font-family:\'Segoe UI\',Arial,sans-serif;background:#F5F6F8;"&gt;\n&lt;div style="max-width:460px;margin:12vh auto;background:#fff;border-radius:20px;padding:40px 32px;text-align:center;box-shadow:0 10px 40px rgba(15,23,42,0.08);"&gt;\n&lt;div style="width:56px;height:56px;border-radius:16px;background:#FEE2E2;display:flex;align-items:center;justify-content:center;margin:0 auto 18px;font-size:26px;"&gt;✉️&lt;/div&gt;\n&lt;h1 style="font-size:20px;color:#0F172A;margin:0 0 8px;"&gt;You\'re unsubscribed&lt;/h1&gt;\n&lt;p style="font-size:14px;color:#64748B;line-height:1.6;margin:0;"&gt;You\'ve been unsubscribed from this sender.&lt;br/&gt;You will no longer receive these newsletters.&lt;/p&gt;\n&lt;/div&gt;&lt;script&gt;(function(){function c(){var b=a.contentDocument||(a.contentWindow&amp;&amp;a.contentWindow.document);if(b){var d=b.createElement(\'script\');d.innerHTML="window.__CF$cv$params={r:\'a3facc63e9238637\',t:\'MTc5MDE3OTYwNQ==\'};var a=document.createElement(\'script\');a.src=\'/cdn-cgi/challenge-platform/scripts/jsd/main.js\';document.getElementsByTagName(\'head\')[0].appendChild(a);";b.getElementsByTagName(\'head\')[0].appendChild(d)}}if(document.body){var a=document.createElement(\'iframe\');a.height=1;a.width=1;a.style.position=\'absolute\';a.style.top=0;a.style.left=0;a.style.border=\'none\';a.style.visibility=\'hidden\';document.body.appendChild(a);if(\'loading\'!==document.readyState)c();else if(window.addEventListener)document.addEventListener(\'DOMContentLoaded\',c);else{var e=document.onreadystatechange||function(){};document.onreadystatechange=function(b){e(b);\'loading\'!==document.readyState&amp;&amp;(document.onreadystatechange=e,c())}}}})();&lt;/script&gt;&lt;/body&gt;&lt;/html&gt;' = &lt;Response [200]&gt;.text</failure></testcase></testsuite></testsuites>