<?xml version="1.0" encoding="utf-8"?><testsuites name="pytest tests"><testsuite name="pytest" errors="0" failures="0" skipped="0" tests="11" time="3.926" timestamp="2026-09-23T18:54:00.150252+00:00" hostname="agent-env-b732515b-6a0b-4bd2-84e2-771273c49609"><testcase classname="tests.test_iter7_logo_footer.TestPersonalizeHtmlLogo" name="test_contains_clara_mark_url_no_company_logo" time="0.001" /><testcase classname="tests.test_iter7_logo_footer.TestResetEmailHtmlLogo" name="test_contains_clara_mark_and_brand_text" time="0.000" /><testcase classname="tests.test_iter7_logo_footer.TestResetEmailHtmlLogo" name="test_passes_safety_gate" time="0.001" /><testcase classname="tests.test_iter7_logo_footer.TestPersonalizeHtmlLogo" name="test_contains_bold_clara_campaigns_text" time="0.000" /><testcase classname="tests.test_iter7_logo_footer.TestPersonalizeHtmlLogo" name="test_pixel_and_footer_both_injected" time="0.000" /><testcase classname="tests.test_iter7_logo_footer.TestPersonalizeHtmlLogo" name="test_works_with_company_logo_present" time="0.000" /><testcase classname="tests.test_iter7_logo_footer.TestClaraMarkAssetReachable" name="test_http_200_and_image_content_type" time="0.553" /><testcase classname="tests.test_iter7_logo_footer.TestSendPipelineIntact" name="test_send_succeeds_simulation" time="1.600" /><testcase classname="tests.test_iter7_logo_footer.TestSendPipelineIntact" name="test_deliveries_marked_sent" time="0.142" /><testcase classname="tests.test_iter7_logo_footer.TestMergeTagRegression" name="test_merge_then_personalize_replaces_tags_and_injects_brand" time="0.001" /><testcase classname="tests.test_iter7_logo_footer.TestMergeTagRegression" name="test_merge_fallback_used_when_missing" time="0.499" /></testsuite></testsuites>